<?xml version="1.0" encoding="UTF-8"?>
<testng-results ignored="0" total="1" passed="1" failed="0" skipped="0">
  <reporter-output>
  </reporter-output>
  <suite started-at="2025-06-23T13:36:39 IST" name="Default suite" finished-at="2025-06-23T13:36:41 IST" duration-ms="1127">
    <groups>
    </groups>
    <test started-at="2025-06-23T13:36:39 IST" name="Default test" finished-at="2025-06-23T13:36:41 IST" duration-ms="1127">
      <class name="ExtentReports.CreatReport">
        <test-method signature="Creatrep()[pri:0, instance:ExtentReports.CreatReport@3fc2959f]" started-at="2025-06-23T13:36:40 IST" name="Creatrep" finished-at="2025-06-23T13:36:41 IST" duration-ms="1054" status="PASS">
          <reporter-output>
          </reporter-output>
        </test-method> <!-- Creatrep -->
      </class> <!-- ExtentReports.CreatReport -->
    </test> <!-- Default test -->
  </suite> <!-- Default suite -->
</testng-results>
